# JRE version: OpenJDK Runtime Environment Microsoft-8035246 (17.0.8+7) (build 17.0.8+7-LTS)
# Java VM: OpenJDK 64-Bit Server VM Microsoft-8035246 (17.0.8+7-LTS, mixed mode, tiered, compressed oops, compressed class ptrs, g1 gc, windows-amd64)
GC Precious Log:
 CPUs: 12 total, 12 available
 Memory: 15775M
 Large Page Support: Disabled
 NUMA Support: Disabled
 Compressed Oops: Enabled (Zero based)
 Heap Region Size: 2M
 Heap Min Capacity: 8M
 Heap Initial Capacity: 248M
 Heap Max Capacity: 3944M
 Pre-touch: Disabled
 Parallel Workers: 10
 Concurrent Workers: 3
 Concurrent Refinement Workers: 10
 Periodic GC: Disabled
Heap:
 garbage-first heap   total 208896K, used 103866K [0x0000000709800000, 0x0000000800000000)
  region size 2048K, 9 young (18432K), 3 survivors (6144K)
 Metaspace       used 25564K, committed 25920K, reserved 1114112K
  class space    used 2697K, committed 2880K, reserved 1048576K
GC Heap History (20 events):
Event: 3.160 GC heap before
{Heap before GC invocations=5 (full 0):
 garbage-first heap   total 253952K, used 40352K [0x0000000709800000, 0x0000000800000000)
  region size 2048K, 11 young (22528K), 7 survivors (14336K)
 Metaspace       used 21260K, committed 21504K, reserved 1114112K
  class space    used 2191K, committed 2304K, reserved 1048576K
}
Event: 3.167 GC heap after
{Heap after GC invocations=6 (full 0):
 garbage-first heap   total 253952K, used 35361K [0x0000000709800000, 0x0000000800000000)
  region size 2048K, 3 young (6144K), 3 survivors (6144K)
 Metaspace       used 21260K, committed 21504K, reserved 1114112K
  class space    used 2191K, committed 2304K, reserved 1048576K
}
Event: 3.727 GC heap before
{Heap before GC invocations=7 (full 0):
 garbage-first heap   total 131072K, used 109089K [0x0000000709800000, 0x0000000800000000)
  region size 2048K, 38 young (77824K), 3 survivors (6144K)
 Metaspace       used 24189K, committed 24448K, reserved 1114112K
  class space    used 2587K, committed 2752K, reserved 1048576K
}
Event: 3.734 GC heap after
{Heap after GC invocations=8 (full 0):
 garbage-first heap   total 131072K, used 44734K [0x0000000709800000, 0x0000000800000000)
  region size 2048K, 5 young (10240K), 5 survivors (10240K)
 Metaspace       used 24189K, committed 24448K, reserved 1114112K
  class space    used 2587K, committed 2752K, reserved 1048576K
}
Event: 3.859 GC heap before
{Heap before GC invocations=8 (full 0):
 garbage-first heap   total 131072K, used 97982K [0x0000000709800000, 0x0000000800000000)
  region size 2048K, 31 young (63488K), 5 survivors (10240K)
 Metaspace       used 24203K, committed 24512K, reserved 1114112K
  class space    used 2588K, committed 2752K, reserved 1048576K
}
Event: 3.866 GC heap after
{Heap after GC invocations=9 (full 0):
 garbage-first heap   total 157696K, used 49477K [0x0000000709800000, 0x0000000800000000)
  region size 2048K, 3 young (6144K), 3 survivors (6144K)
 Metaspace       used 24203K, committed 24512K, reserved 1114112K
  class space    used 2588K, committed 2752K, reserved 1048576K
}
Event: 4.108 GC heap before
{Heap before GC invocations=9 (full 0):
 garbage-first heap   total 157696K, used 121157K [0x0000000709800000, 0x0000000800000000)
  region size 2048K, 37 young (75776K), 3 survivors (6144K)
 Metaspace       used 24223K, committed 24576K, reserved 1114112K
  class space    used 2589K, committed 2752K, reserved 1048576K
}
Event: 4.112 GC heap after
{Heap after GC invocations=10 (full 0):
 garbage-first heap   total 157696K, used 53813K [0x0000000709800000, 0x0000000800000000)
  region size 2048K, 4 young (8192K), 4 survivors (8192K)
 Metaspace       used 24223K, committed 24576K, reserved 1114112K
  class space    used 2589K, committed 2752K, reserved 1048576K
}
Event: 4.309 GC heap before
{Heap before GC invocations=10 (full 0):
 garbage-first heap   total 157696K, used 121397K [0x0000000709800000, 0x0000000800000000)
  region size 2048K, 36 young (73728K), 4 survivors (8192K)
 Metaspace       used 24272K, committed 24640K, reserved 1114112K
  class space    used 2590K, committed 2752K, reserved 1048576K
}
Event: 4.315 GC heap after
{Heap after GC invocations=11 (full 0):
 garbage-first heap   total 157696K, used 61988K [0x0000000709800000, 0x0000000800000000)
  region size 2048K, 5 young (10240K), 5 survivors (10240K)
 Metaspace       used 24272K, committed 24640K, reserved 1114112K
  class space    used 2590K, committed 2752K, reserved 1048576K
}
Event: 4.427 GC heap before
{Heap before GC invocations=11 (full 0):
 garbage-first heap   total 157696K, used 119332K [0x0000000709800000, 0x0000000800000000)
  region size 2048K, 33 young (67584K), 5 survivors (10240K)
 Metaspace       used 24279K, committed 24640K, reserved 1114112K
  class space    used 2590K, committed 2752K, reserved 1048576K
}
Event: 4.432 GC heap after
{Heap after GC invocations=12 (full 0):
 garbage-first heap   total 157696K, used 67332K [0x0000000709800000, 0x0000000800000000)
  region size 2048K, 3 young (6144K), 3 survivors (6144K)
 Metaspace       used 24279K, committed 24640K, reserved 1114112K
  class space    used 2590K, committed 2752K, reserved 1048576K
}
Event: 4.515 GC heap before
{Heap before GC invocations=12 (full 0):
 garbage-first heap   total 157696K, used 124676K [0x0000000709800000, 0x0000000800000000)
  region size 2048K, 29 young (59392K), 3 survivors (6144K)
 Metaspace       used 24286K, committed 24640K, reserved 1114112K
  class space    used 2590K, committed 2752K, reserved 1048576K
}
Event: 4.519 GC heap after
{Heap after GC invocations=13 (full 0):
 garbage-first heap   total 208896K, used 77101K [0x0000000709800000, 0x0000000800000000)
  region size 2048K, 3 young (6144K), 3 survivors (6144K)
 Metaspace       used 24286K, committed 24640K, reserved 1114112K
  class space    used 2590K, committed 2752K, reserved 1048576K
}
Event: 4.682 GC heap before
{Heap before GC invocations=13 (full 0):
 garbage-first heap   total 208896K, used 159021K [0x0000000709800000, 0x0000000800000000)
  region size 2048K, 43 young (88064K), 3 survivors (6144K)
 Metaspace       used 24289K, committed 24640K, reserved 1114112K
  class space    used 2590K, committed 2752K, reserved 1048576K
}
Event: 4.686 GC heap after
{Heap after GC invocations=14 (full 0):
 garbage-first heap   total 208896K, used 81115K [0x0000000709800000, 0x0000000800000000)
  region size 2048K, 5 young (10240K), 5 survivors (10240K)
 Metaspace       used 24289K, committed 24640K, reserved 1114112K
  class space    used 2590K, committed 2752K, reserved 1048576K
}
Event: 4.850 GC heap before
{Heap before GC invocations=14 (full 0):
 garbage-first heap   total 208896K, used 163035K [0x0000000709800000, 0x0000000800000000)
  region size 2048K, 44 young (90112K), 5 survivors (10240K)
 Metaspace       used 24310K, committed 24640K, reserved 1114112K
  class space    used 2590K, committed 2752K, reserved 1048576K
}
Event: 4.855 GC heap after
{Heap after GC invocations=15 (full 0):
 garbage-first heap   total 208896K, used 88826K [0x0000000709800000, 0x0000000800000000)
  region size 2048K, 5 young (10240K), 5 survivors (10240K)
 Metaspace       used 24310K, committed 24640K, reserved 1114112K
  class space    used 2590K, committed 2752K, reserved 1048576K
}
Event: 5.011 GC heap before
{Heap before GC invocations=15 (full 0):
 garbage-first heap   total 208896K, used 160506K [0x0000000709800000, 0x0000000800000000)
  region size 2048K, 40 young (81920K), 5 survivors (10240K)
 Metaspace       used 24329K, committed 24640K, reserved 1114112K
  class space    used 2590K, committed 2752K, reserved 1048576K
}
Event: 5.017 GC heap after
{Heap after GC invocations=16 (full 0):
 garbage-first heap   total 208896K, used 95674K [0x0000000709800000, 0x0000000800000000)
  region size 2048K, 3 young (6144K), 3 survivors (6144K)
 Metaspace       used 24329K, committed 24640K, reserved 1114112K
  class space    used 2590K, committed 2752K, reserved 1048576K
}

