# JRE version: OpenJDK Runtime Environment Microsoft-8035246 (17.0.8+7) (build 17.0.8+7-LTS)
# Java VM: OpenJDK 64-Bit Server VM Microsoft-8035246 (17.0.8+7-LTS, mixed mode, tiered, compressed oops, compressed class ptrs, g1 gc, windows-amd64)
GC Precious Log:
 CPUs: 12 total, 12 available
 Memory: 15775M
 Large Page Support: Disabled
 NUMA Support: Disabled
 Compressed Oops: Enabled (Zero based)
 Heap Region Size: 2M
 Heap Min Capacity: 8M
 Heap Initial Capacity: 248M
 Heap Max Capacity: 3944M
 Pre-touch: Disabled
 Parallel Workers: 10
 Concurrent Workers: 3
 Concurrent Refinement Workers: 10
 Periodic GC: Disabled
Heap:
 garbage-first heap   total 190464K, used 121170K [0x0000000709800000, 0x0000000800000000)
  region size 2048K, 16 young (32768K), 3 survivors (6144K)
 Metaspace       used 25666K, committed 25984K, reserved 1114112K
  class space    used 2712K, committed 2880K, reserved 1048576K
GC Heap History (20 events):
Event: 4.865 GC heap before
{Heap before GC invocations=7 (full 0):
 garbage-first heap   total 131072K, used 99911K [0x0000000709800000, 0x0000000800000000)
  region size 2048K, 33 young (67584K), 5 survivors (10240K)
 Metaspace       used 24353K, committed 24640K, reserved 1114112K
  class space    used 2605K, committed 2752K, reserved 1048576K
}
Event: 4.870 GC heap after
{Heap after GC invocations=8 (full 0):
 garbage-first heap   total 157696K, used 49063K [0x0000000709800000, 0x0000000800000000)
  region size 2048K, 5 young (10240K), 5 survivors (10240K)
 Metaspace       used 24353K, committed 24640K, reserved 1114112K
  class space    used 2605K, committed 2752K, reserved 1048576K
}
Event: 5.190 GC heap before
{Heap before GC invocations=8 (full 0):
 garbage-first heap   total 157696K, used 122791K [0x0000000709800000, 0x0000000800000000)
  region size 2048K, 39 young (79872K), 5 survivors (10240K)
 Metaspace       used 24382K, committed 24704K, reserved 1114112K
  class space    used 2605K, committed 2752K, reserved 1048576K
}
Event: 5.194 GC heap after
{Heap after GC invocations=9 (full 0):
 garbage-first heap   total 157696K, used 53900K [0x0000000709800000, 0x0000000800000000)
  region size 2048K, 4 young (8192K), 4 survivors (8192K)
 Metaspace       used 24382K, committed 24704K, reserved 1114112K
  class space    used 2605K, committed 2752K, reserved 1048576K
}
Event: 5.500 GC heap before
{Heap before GC invocations=9 (full 0):
 garbage-first heap   total 157696K, used 121484K [0x0000000709800000, 0x0000000800000000)
  region size 2048K, 36 young (73728K), 4 survivors (8192K)
 Metaspace       used 24427K, committed 24704K, reserved 1114112K
  class space    used 2606K, committed 2752K, reserved 1048576K
}
Event: 5.507 GC heap after
{Heap after GC invocations=10 (full 0):
 garbage-first heap   total 157696K, used 65252K [0x0000000709800000, 0x0000000800000000)
  region size 2048K, 5 young (10240K), 5 survivors (10240K)
 Metaspace       used 24427K, committed 24704K, reserved 1114112K
  class space    used 2606K, committed 2752K, reserved 1048576K
}
Event: 5.777 GC heap before
{Heap before GC invocations=10 (full 0):
 garbage-first heap   total 157696K, used 118500K [0x0000000709800000, 0x0000000800000000)
  region size 2048K, 31 young (63488K), 5 survivors (10240K)
 Metaspace       used 24428K, committed 24704K, reserved 1114112K
  class space    used 2606K, committed 2752K, reserved 1048576K
}
Event: 5.781 GC heap after
{Heap after GC invocations=11 (full 0):
 garbage-first heap   total 157696K, used 71547K [0x0000000709800000, 0x0000000800000000)
  region size 2048K, 3 young (6144K), 3 survivors (6144K)
 Metaspace       used 24428K, committed 24704K, reserved 1114112K
  class space    used 2606K, committed 2752K, reserved 1048576K
}
Event: 5.887 GC heap before
{Heap before GC invocations=11 (full 0):
 garbage-first heap   total 157696K, used 124795K [0x0000000709800000, 0x0000000800000000)
  region size 2048K, 27 young (55296K), 3 survivors (6144K)
 Metaspace       used 24438K, committed 24768K, reserved 1114112K
  class space    used 2606K, committed 2752K, reserved 1048576K
}
Event: 5.891 GC heap after
{Heap after GC invocations=12 (full 0):
 garbage-first heap   total 190464K, used 83567K [0x0000000709800000, 0x0000000800000000)
  region size 2048K, 4 young (8192K), 4 survivors (8192K)
 Metaspace       used 24438K, committed 24768K, reserved 1114112K
  class space    used 2606K, committed 2752K, reserved 1048576K
}
Event: 6.069 GC heap before
{Heap before GC invocations=12 (full 0):
 garbage-first heap   total 190464K, used 140911K [0x0000000709800000, 0x0000000800000000)
  region size 2048K, 32 young (65536K), 4 survivors (8192K)
 Metaspace       used 24438K, committed 24768K, reserved 1114112K
  class space    used 2606K, committed 2752K, reserved 1048576K
}
Event: 6.071 GC heap after
{Heap after GC invocations=13 (full 0):
 garbage-first heap   total 190464K, used 83803K [0x0000000709800000, 0x0000000800000000)
  region size 2048K, 1 young (2048K), 1 survivors (2048K)
 Metaspace       used 24438K, committed 24768K, reserved 1114112K
  class space    used 2606K, committed 2752K, reserved 1048576K
}
Event: 6.481 GC heap before
{Heap before GC invocations=13 (full 0):
 garbage-first heap   total 190464K, used 145243K [0x0000000709800000, 0x0000000800000000)
  region size 2048K, 31 young (63488K), 1 survivors (2048K)
 Metaspace       used 24442K, committed 24768K, reserved 1114112K
  class space    used 2606K, committed 2752K, reserved 1048576K
}
Event: 6.482 GC heap after
{Heap after GC invocations=14 (full 0):
 garbage-first heap   total 190464K, used 88974K [0x0000000709800000, 0x0000000800000000)
  region size 2048K, 3 young (6144K), 3 survivors (6144K)
 Metaspace       used 24442K, committed 24768K, reserved 1114112K
  class space    used 2606K, committed 2752K, reserved 1048576K
}
Event: 6.601 GC heap before
{Heap before GC invocations=15 (full 0):
 garbage-first heap   total 190464K, used 146318K [0x0000000709800000, 0x0000000800000000)
  region size 2048K, 31 young (63488K), 3 survivors (6144K)
 Metaspace       used 24453K, committed 24768K, reserved 1114112K
  class space    used 2606K, committed 2752K, reserved 1048576K
}
Event: 6.603 GC heap after
{Heap after GC invocations=16 (full 0):
 garbage-first heap   total 190464K, used 92886K [0x0000000709800000, 0x0000000800000000)
  region size 2048K, 2 young (4096K), 2 survivors (4096K)
 Metaspace       used 24453K, committed 24768K, reserved 1114112K
  class space    used 2606K, committed 2752K, reserved 1048576K
}
Event: 6.623 GC heap before
{Heap before GC invocations=16 (full 0):
 garbage-first heap   total 190464K, used 96982K [0x0000000709800000, 0x0000000800000000)
  region size 2048K, 4 young (8192K), 2 survivors (4096K)
 Metaspace       used 24453K, committed 24768K, reserved 1114112K
  class space    used 2606K, committed 2752K, reserved 1048576K
}
Event: 6.624 GC heap after
{Heap after GC invocations=17 (full 0):
 garbage-first heap   total 190464K, used 92318K [0x0000000709800000, 0x0000000800000000)
  region size 2048K, 1 young (2048K), 1 survivors (2048K)
 Metaspace       used 24453K, committed 24768K, reserved 1114112K
  class space    used 2606K, committed 2752K, reserved 1048576K
}
Event: 6.893 GC heap before
{Heap before GC invocations=17 (full 0):
 garbage-first heap   total 190464K, used 149662K [0x0000000709800000, 0x0000000800000000)
  region size 2048K, 29 young (59392K), 1 survivors (2048K)
 Metaspace       used 24460K, committed 24768K, reserved 1114112K
  class space    used 2606K, committed 2752K, reserved 1048576K
}
Event: 6.895 GC heap after
{Heap after GC invocations=18 (full 0):
 garbage-first heap   total 190464K, used 96594K [0x0000000709800000, 0x0000000800000000)
  region size 2048K, 3 young (6144K), 3 survivors (6144K)
 Metaspace       used 24460K, committed 24768K, reserved 1114112K
  class space    used 2606K, committed 2752K, reserved 1048576K
}

